# JRE version: 7.0_25-b17
# Java VM: Java HotSpot(TM) 64-Bit Server VM (23.25-b01 mixed mode windows-amd64 compressed oops)
Heap
 PSYoungGen      total 231936K, used 87074K [0x00000000eaab0000, 0x00000000fee30000, 0x0000000100000000)
  eden space 159040K, 12% used [0x00000000eaab0000,0x00000000ebe426b8,0x00000000f4600000)
  from space 72896K, 91% used [0x00000000f96d0000,0x00000000fd8462f0,0x00000000fde00000)
  to   space 82752K, 0% used [0x00000000f4600000,0x00000000f4600000,0x00000000f96d0000)
 ParOldGen       total 141120K, used 104215K [0x00000000c0000000, 0x00000000c89d0000, 0x00000000eaab0000)
  object space 141120K, 73% used [0x00000000c0000000,0x00000000c65c5f90,0x00000000c89d0000)
 PSPermGen       total 34752K, used 21926K [0x00000000bae00000, 0x00000000bcff0000, 0x00000000c0000000)
  object space 34752K, 63% used [0x00000000bae00000,0x00000000bc369838,0x00000000bcff0000)
GC Heap History (10 events):
Event: 65.298 GC heap before
{Heap before GC invocations=19 (full 5):
 PSYoungGen      total 149248K, used 131409K [0x00000000eaab0000, 0x00000000f8540000, 0x0000000100000000)
  eden space 104384K, 100% used [0x00000000eaab0000,0x00000000f10a0000,0x00000000f10a0000)
  from space 44864K, 60% used [0x00000000f10a0000,0x00000000f2b04590,0x00000000f3c70000)
  to   space 45952K, 0% used [0x00000000f5860000,0x00000000f5860000,0x00000000f8540000)
 ParOldGen       total 141120K, used 104215K [0x00000000c0000000, 0x00000000c89d0000, 0x00000000eaab0000)
  object space 141120K, 73% used [0x00000000c0000000,0x00000000c65c5f90,0x00000000c89d0000)
 PSPermGen       total 34752K, used 21521K [0x00000000bae00000, 0x00000000bcff0000, 0x00000000c0000000)
  object space 34752K, 61% used [0x00000000bae00000,0x00000000bc304498,0x00000000bcff0000)
Event: 65.317 GC heap after
Heap after GC invocations=19 (full 5):
 PSYoungGen      total 172864K, used 38648K [0x00000000eaab0000, 0x00000000f8cc0000, 0x0000000100000000)
  eden space 126912K, 0% used [0x00000000eaab0000,0x00000000eaab0000,0x00000000f26a0000)
  from space 45952K, 84% used [0x00000000f5860000,0x00000000f7e1e1c0,0x00000000f8540000)
  to   space 50944K, 0% used [0x00000000f26a0000,0x00000000f26a0000,0x00000000f5860000)
 ParOldGen       total 141120K, used 104215K [0x00000000c0000000, 0x00000000c89d0000, 0x00000000eaab0000)
  object space 141120K, 73% used [0x00000000c0000000,0x00000000c65c5f90,0x00000000c89d0000)
 PSPermGen       total 34752K, used 21521K [0x00000000bae00000, 0x00000000bcff0000, 0x00000000c0000000)
  object space 34752K, 61% used [0x00000000bae00000,0x00000000bc304498,0x00000000bcff0000)
}
Event: 77.485 GC heap before
{Heap before GC invocations=20 (full 5):
 PSYoungGen      total 172864K, used 165560K [0x00000000eaab0000, 0x00000000f8cc0000, 0x0000000100000000)
  eden space 126912K, 100% used [0x00000000eaab0000,0x00000000f26a0000,0x00000000f26a0000)
  from space 45952K, 84% used [0x00000000f5860000,0x00000000f7e1e1c0,0x00000000f8540000)
  to   space 50944K, 0% used [0x00000000f26a0000,0x00000000f26a0000,0x00000000f5860000)
 ParOldGen       total 141120K, used 104215K [0x00000000c0000000, 0x00000000c89d0000, 0x00000000eaab0000)
  object space 141120K, 73% used [0x00000000c0000000,0x00000000c65c5f90,0x00000000c89d0000)
 PSPermGen       total 34752K, used 21687K [0x00000000bae00000, 0x00000000bcff0000, 0x00000000c0000000)
  object space 34752K, 62% used [0x00000000bae00000,0x00000000bc32df08,0x00000000bcff0000)
Event: 77.509 GC heap after
Heap after GC invocations=20 (full 5):
 PSYoungGen      total 177856K, used 46642K [0x00000000eaab0000, 0x00000000fb110000, 0x0000000100000000)
  eden space 126912K, 0% used [0x00000000eaab0000,0x00000000eaab0000,0x00000000f26a0000)
  from space 50944K, 91% used [0x00000000f26a0000,0x00000000f542c838,0x00000000f5860000)
  to   space 57856K, 0% used [0x00000000f7890000,0x00000000f7890000,0x00000000fb110000)
 ParOldGen       total 141120K, used 104215K [0x00000000c0000000, 0x00000000c89d0000, 0x00000000eaab0000)
  object space 141120K, 73% used [0x00000000c0000000,0x00000000c65c5f90,0x00000000c89d0000)
 PSPermGen       total 34752K, used 21687K [0x00000000bae00000, 0x00000000bcff0000, 0x00000000c0000000)
  object space 34752K, 62% used [0x00000000bae00000,0x00000000bc32df08,0x00000000bcff0000)
}
Event: 85.982 GC heap before
{Heap before GC invocations=21 (full 5):
 PSYoungGen      total 177856K, used 173554K [0x00000000eaab0000, 0x00000000fb110000, 0x0000000100000000)
  eden space 126912K, 100% used [0x00000000eaab0000,0x00000000f26a0000,0x00000000f26a0000)
  from space 50944K, 91% used [0x00000000f26a0000,0x00000000f542c838,0x00000000f5860000)
  to   space 57856K, 0% used [0x00000000f7890000,0x00000000f7890000,0x00000000fb110000)
 ParOldGen       total 141120K, used 104215K [0x00000000c0000000, 0x00000000c89d0000, 0x00000000eaab0000)
  object space 141120K, 73% used [0x00000000c0000000,0x00000000c65c5f90,0x00000000c89d0000)
 PSPermGen       total 34752K, used 21768K [0x00000000bae00000, 0x00000000bcff0000, 0x00000000c0000000)
  object space 34752K, 62% used [0x00000000bae00000,0x00000000bc3422d0,0x00000000bcff0000)
Event: 86.007 GC heap after
Heap after GC invocations=21 (full 5):
 PSYoungGen      total 204608K, used 48598K [0x00000000eaab0000, 0x00000000fb970000, 0x0000000100000000)
  eden space 146752K, 0% used [0x00000000eaab0000,0x00000000eaab0000,0x00000000f3a00000)
  from space 57856K, 83% used [0x00000000f7890000,0x00000000fa805ab0,0x00000000fb110000)
  to   space 64064K, 0% used [0x00000000f3a00000,0x00000000f3a00000,0x00000000f7890000)
 ParOldGen       total 141120K, used 104215K [0x00000000c0000000, 0x00000000c89d0000, 0x00000000eaab0000)
  object space 141120K, 73% used [0x00000000c0000000,0x00000000c65c5f90,0x00000000c89d0000)
 PSPermGen       total 34752K, used 21768K [0x00000000bae00000, 0x00000000bcff0000, 0x00000000c0000000)
  object space 34752K, 62% used [0x00000000bae00000,0x00000000bc3422d0,0x00000000bcff0000)
}
Event: 94.913 GC heap before
{Heap before GC invocations=22 (full 5):
 PSYoungGen      total 204608K, used 195350K [0x00000000eaab0000, 0x00000000fb970000, 0x0000000100000000)
  eden space 146752K, 100% used [0x00000000eaab0000,0x00000000f3a00000,0x00000000f3a00000)
  from space 57856K, 83% used [0x00000000f7890000,0x00000000fa805ab0,0x00000000fb110000)
  to   space 64064K, 0% used [0x00000000f3a00000,0x00000000f3a00000,0x00000000f7890000)
 ParOldGen       total 141120K, used 104215K [0x00000000c0000000, 0x00000000c89d0000, 0x00000000eaab0000)
  object space 141120K, 73% used [0x00000000c0000000,0x00000000c65c5f90,0x00000000c89d0000)
 PSPermGen       total 34752K, used 21849K [0x00000000bae00000, 0x00000000bcff0000, 0x00000000c0000000)
  object space 34752K, 62% used [0x00000000bae00000,0x00000000bc356520,0x00000000bcff0000)
Event: 94.945 GC heap after
Heap after GC invocations=22 (full 5):
 PSYoungGen      total 210816K, used 59497K [0x00000000eaab0000, 0x00000000fde00000, 0x0000000100000000)
  eden space 146752K, 0% used [0x00000000eaab0000,0x00000000eaab0000,0x00000000f3a00000)
  from space 64064K, 92% used [0x00000000f3a00000,0x00000000f741a710,0x00000000f7890000)
  to   space 72896K, 0% used [0x00000000f96d0000,0x00000000f96d0000,0x00000000fde00000)
 ParOldGen       total 141120K, used 104215K [0x00000000c0000000, 0x00000000c89d0000, 0x00000000eaab0000)
  object space 141120K, 73% used [0x00000000c0000000,0x00000000c65c5f90,0x00000000c89d0000)
 PSPermGen       total 34752K, used 21849K [0x00000000bae00000, 0x00000000bcff0000, 0x00000000c0000000)
  object space 34752K, 62% used [0x00000000bae00000,0x00000000bc356520,0x00000000bcff0000)
}
Event: 105.535 GC heap before
{Heap before GC invocations=23 (full 5):
 PSYoungGen      total 210816K, used 206249K [0x00000000eaab0000, 0x00000000fde00000, 0x0000000100000000)
  eden space 146752K, 100% used [0x00000000eaab0000,0x00000000f3a00000,0x00000000f3a00000)
  from space 64064K, 92% used [0x00000000f3a00000,0x00000000f741a710,0x00000000f7890000)
  to   space 72896K, 0% used [0x00000000f96d0000,0x00000000f96d0000,0x00000000fde00000)
 ParOldGen       total 141120K, used 104215K [0x00000000c0000000, 0x00000000c89d0000, 0x00000000eaab0000)
  object space 141120K, 73% used [0x00000000c0000000,0x00000000c65c5f90,0x00000000c89d0000)
 PSPermGen       total 34752K, used 21917K [0x00000000bae00000, 0x00000000bcff0000, 0x00000000c0000000)
  object space 34752K, 63% used [0x00000000bae00000,0x00000000bc3674d8,0x00000000bcff0000)
Event: 105.568 GC heap after
Heap after GC invocations=23 (full 5):
 PSYoungGen      total 231936K, used 67032K [0x00000000eaab0000, 0x00000000fee30000, 0x0000000100000000)
  eden space 159040K, 0% used [0x00000000eaab0000,0x00000000eaab0000,0x00000000f4600000)
  from space 72896K, 91% used [0x00000000f96d0000,0x00000000fd8462f0,0x00000000fde00000)
  to   space 82752K, 0% used [0x00000000f4600000,0x00000000f4600000,0x00000000f96d0000)
 ParOldGen       total 141120K, used 104215K [0x00000000c0000000, 0x00000000c89d0000, 0x00000000eaab0000)
  object space 141120K, 73% used [0x00000000c0000000,0x00000000c65c5f90,0x00000000c89d0000)
 PSPermGen       total 34752K, used 21917K [0x00000000bae00000, 0x00000000bcff0000, 0x00000000c0000000)
  object space 34752K, 63% used [0x00000000bae00000,0x00000000bc3674d8,0x00000000bcff0000)
}

