# JRE version: Java(TM) SE Runtime Environment (8.0_51-b16) (build 1.8.0_51-b16)
# Java VM: Java HotSpot(TM) 64-Bit Server VM (25.51-b03 mixed mode windows-amd64 compressed oops)
Heap:
 garbage-first heap   total 1867776K, used 968859K [0x0000000080000000, 0x00000000820001c8, 0x0000000100000000)
  region size 32768K, 6 young (196608K), 3 survivors (98304K)
 Metaspace       used 72985K, capacity 79130K, committed 79512K, reserved 1118208K
  class space    used 9369K, capacity 10842K, committed 10904K, reserved 1048576K
GC Heap History (10 events):
Event: 31.813 GC heap before
{Heap before GC invocations=54 (full 0):
 garbage-first heap   total 1867776K, used 1355518K [0x0000000080000000, 0x00000000820001c8, 0x0000000100000000)
  region size 32768K, 21 young (688128K), 3 survivors (98304K)
 Metaspace       used 72392K, capacity 78558K, committed 78744K, reserved 1118208K
  class space    used 9369K, capacity 10850K, committed 10904K, reserved 1048576K
Event: 31.845 GC heap after
Heap after GC invocations=55 (full 0):
 garbage-first heap   total 1867776K, used 836241K [0x0000000080000000, 0x00000000820001c8, 0x0000000100000000)
  region size 32768K, 3 young (98304K), 3 survivors (98304K)
 Metaspace       used 72392K, capacity 78558K, committed 78744K, reserved 1118208K
  class space    used 9369K, capacity 10850K, committed 10904K, reserved 1048576K
}
Event: 34.240 GC heap before
{Heap before GC invocations=55 (full 0):
 garbage-first heap   total 1867776K, used 1360529K [0x0000000080000000, 0x00000000820001c8, 0x0000000100000000)
  region size 32768K, 19 young (622592K), 3 survivors (98304K)
 Metaspace       used 72510K, capacity 78764K, committed 79000K, reserved 1118208K
  class space    used 9377K, capacity 10863K, committed 10904K, reserved 1048576K
Event: 34.267 GC heap after
Heap after GC invocations=56 (full 0):
 garbage-first heap   total 1867776K, used 878174K [0x0000000080000000, 0x00000000820001c8, 0x0000000100000000)
  region size 32768K, 3 young (98304K), 3 survivors (98304K)
 Metaspace       used 72510K, capacity 78764K, committed 79000K, reserved 1118208K
  class space    used 9377K, capacity 10863K, committed 10904K, reserved 1048576K
}
Event: 36.587 GC heap before
{Heap before GC invocations=56 (full 0):
 garbage-first heap   total 1867776K, used 1336926K [0x0000000080000000, 0x00000000820001c8, 0x0000000100000000)
  region size 32768K, 17 young (557056K), 3 survivors (98304K)
 Metaspace       used 72764K, capacity 78986K, committed 79256K, reserved 1118208K
  class space    used 9382K, capacity 10868K, committed 10904K, reserved 1048576K
Event: 36.608 GC heap after
Heap after GC invocations=57 (full 0):
 garbage-first heap   total 1867776K, used 920871K [0x0000000080000000, 0x00000000820001c8, 0x0000000100000000)
  region size 32768K, 3 young (98304K), 3 survivors (98304K)
 Metaspace       used 72764K, capacity 78986K, committed 79256K, reserved 1118208K
  class space    used 9382K, capacity 10868K, committed 10904K, reserved 1048576K
}
Event: 38.938 GC heap before
{Heap before GC invocations=57 (full 0):
 garbage-first heap   total 1867776K, used 1346855K [0x0000000080000000, 0x00000000820001c8, 0x0000000100000000)
  region size 32768K, 16 young (524288K), 3 survivors (98304K)
 Metaspace       used 73015K, capacity 79242K, committed 79512K, reserved 1118208K
  class space    used 9384K, capacity 10868K, committed 10904K, reserved 1048576K
Event: 38.954 GC heap after
Heap after GC invocations=58 (full 0):
 garbage-first heap   total 1867776K, used 890753K [0x0000000080000000, 0x00000000820001c8, 0x0000000100000000)
  region size 32768K, 2 young (65536K), 2 survivors (65536K)
 Metaspace       used 73015K, capacity 79242K, committed 79512K, reserved 1118208K
  class space    used 9384K, capacity 10868K, committed 10904K, reserved 1048576K
}
Event: 41.806 GC heap before
{Heap before GC invocations=59 (full 0):
 garbage-first heap   total 1867776K, used 1349505K [0x0000000080000000, 0x00000000820001c8, 0x0000000100000000)
  region size 32768K, 17 young (557056K), 2 survivors (65536K)
 Metaspace       used 72985K, capacity 79130K, committed 79512K, reserved 1118208K
  class space    used 9369K, capacity 10842K, committed 10904K, reserved 1048576K
Event: 41.830 GC heap after
Heap after GC invocations=60 (full 0):
 garbage-first heap   total 1867776K, used 903323K [0x0000000080000000, 0x00000000820001c8, 0x0000000100000000)
  region size 32768K, 3 young (98304K), 3 survivors (98304K)
 Metaspace       used 72985K, capacity 79130K, committed 79512K, reserved 1118208K
  class space    used 9369K, capacity 10842K, committed 10904K, reserved 1048576K
}

